#
# A fatal error has been detected by the Java Runtime Environment:
#
#  SIGSEGV (0xb) at pc=0x00007f6288c6a155, pid=2959, tid=2983
#
# JRE version: OpenJDK Runtime Environment (11.0.11+9) (build 11.0.11+9-Ubuntu-0ubuntu2.20.04)
# Java VM: OpenJDK 64-Bit Server VM (11.0.11+9-Ubuntu-0ubuntu2.20.04, mixed mode, sharing, tiered, compressed oops, g1 gc, linux-amd64)
# Problematic frame:
# V  [libjvm.so+0x745155]
#
# Core dump will be written. Default location: Core dumps may be processed with "/usr/share/apport/apport %p %s %c %d %P %E" (or dumping to /home/danil/NetBeansProjects/mooc-java-programming-ii/part11-Part11_10.FlightControl/core.2959)
#
# If you would like to submit a bug report, please visit:
#   https://bugs.launchpad.net/ubuntu/+source/openjdk-lts
#

---------------  S U M M A R Y ------------

Command Line: -Dmaven.compiler.source=1.8 -Dmaven.compiler.target=1.8 -XX:+TieredCompilation -XX:TieredStopAtLevel=1 -Dclassworlds.conf=/home/danil/.config/tmc/apache-maven-3.5.4/bin/m2.conf -Dmaven.home=/home/danil/.config/tmc/apache-maven-3.5.4 -Dlibrary.jansi.path=/home/danil/.config/tmc/apache-maven-3.5.4/lib/jansi-native -Dmaven.multiModuleProjectDirectory=/home/danil/NetBeansProjects/mooc-java-programming-ii/part11-Part11_10.FlightControl org.codehaus.plexus.classworlds.launcher.Launcher -B clean compile test-compile

Host: Intel(R) Core(TM)2 Duo CPU     E6550  @ 2.33GHz, 2 cores, 3G, Ubuntu 20.04.3 LTS
Time: Tue Nov  2 12:53:36 2021 +04 elapsed time: 8.463907 seconds (0d 0h 0m 8s)

---------------  T H R E A D  ---------------

Current thread (0x00007f628404b000):  ConcurrentGCThread "G1 Conc#0" [stack: 0x00007f6265c68000,0x00007f6265d68000] [id=2983]

Stack: [0x00007f6265c68000,0x00007f6265d68000],  sp=0x00007f6265d66c20,  free space=1019k
Native frames: (J=compiled Java code, A=aot compiled Java code, j=interpreted, Vv=VM code, C=native code)
V  [libjvm.so+0x745155]
V  [libjvm.so+0x755086]
V  [libjvm.so+0x7500d2]
V  [libjvm.so+0x755e95]
V  [libjvm.so+0xeb88dd]
V  [libjvm.so+0xe1d690]
V  [libjvm.so+0xbdac76]


siginfo: si_signo: 11 (SIGSEGV), si_code: 128 (SI_KERNEL), si_addr: 0x0000000000000000

Register to memory mapping:

RAX=0x400000080031b748 is an unknown value
RBX=0x0 is NULL
RCX=0x088020a044000000 is an unknown value
RDX=0x088020a044000000 is an unknown value
RSP=0x00007f6265d66c20 points into unknown readable memory: 0x00007f6265d66c50 | 50 6c d6 65 62 7f 00 00
RBP=0x00007f6265d66c90 points into unknown readable memory: 0x00007f6265d66cd0 | d0 6c d6 65 62 7f 00 00
RSI=0x0000000000000050 is an unknown value
RDI=0x00000000ffe2aef8 points into unknown readable memory: 0x0000005b2133b101 | 01 b1 33 21 5b 00 00 00
R8 =0x000000080035aad8 is pointing into metadata
R9 =0x0800000000000000 is an unknown value
R10=0x0000000007ac8e00 is an unknown value
R11=0x0000000000000202 is an unknown value
R12=0x00000000ffe2aef8 points into unknown readable memory: 0x0000005b2133b101 | 01 b1 33 21 5b 00 00 00
R13=0x0 is NULL
R14=0x000000080035aba8 is pointing into metadata
R15=0x00007f6265d66d40 points into unknown readable memory: 0x00007f6289686fa8 | a8 6f 68 89 62 7f 00 00


Registers:
RAX=0x400000080031b748, RBX=0x0000000000000000, RCX=0x088020a044000000, RDX=0x088020a044000000
RSP=0x00007f6265d66c20, RBP=0x00007f6265d66c90, RSI=0x0000000000000050, RDI=0x00000000ffe2aef8
R8 =0x000000080035aad8, R9 =0x0800000000000000, R10=0x0000000007ac8e00, R11=0x0000000000000202
R12=0x00000000ffe2aef8, R13=0x0000000000000000, R14=0x000000080035aba8, R15=0x00007f6265d66d40
RIP=0x00007f6288c6a155, EFLAGS=0x0000000000010206, CSGSFS=0x002b000000000033, ERR=0x0000000000000000
  TRAPNO=0x000000000000000d

Top of Stack: (sp=0x00007f6265d66c20)
0x00007f6265d66c20:   00007f6265d66c50 000000080035aba0
0x00007f6265d66c30:   00000000ffe2af48 000000080035aba8
0x00007f6265d66c40:   00000000ffe2aef8 00007f6265d66d40
0x00007f6265d66c50:   0000000800002a78 00007f6265d66d40 

Instructions: (pc=0x00007f6288c6a155)
0x00007f6288c6a055:   00 00 00 4c 89 75 98 0f 1f 40 00 48 8b 45 b8 4c
0x00007f6288c6a065:   8b 78 18 49 83 87 c0 00 00 00 01 41 8b 1c 24 85
0x00007f6288c6a075:   db 0f 84 a4 00 00 00 48 8d 05 1d 36 af 00 8b 48
0x00007f6288c6a085:   08 48 d3 e3 48 03 18 0f 84 8e 00 00 00 4d 8b 77
0x00007f6288c6a095:   20 48 89 de 49 8b 46 08 8b 88 c0 02 00 00 48 8b
0x00007f6288c6a0a5:   80 b0 02 00 00 48 d3 ee 48 8b 04 f0 48 3b 98 60
0x00007f6288c6a0b5:   01 00 00 73 66 49 8b b6 90 00 00 00 48 89 d9 45
0x00007f6288c6a0c5:   8b 6f 10 48 2b 0e 48 89 c8 8b 4e 10 48 c1 e8 03
0x00007f6288c6a0d5:   48 d3 e8 48 89 c1 48 89 c7 48 8b 46 18 48 c1 ef
0x00007f6288c6a0e5:   06 83 e1 3f 48 8d 3c f8 b8 01 00 00 00 48 d3 e0
0x00007f6288c6a0f5:   48 8b 0f 49 89 c1 eb 17 0f 1f 00 48 89 c8 f0 48
0x00007f6288c6a105:   0f b1 17 48 39 c1 0f 84 c7 00 00 00 48 89 c1 4c
0x00007f6288c6a115:   89 ca 48 09 ca 48 39 d1 75 e1 90 49 83 c4 04 4c
0x00007f6288c6a125:   39 65 a0 0f 87 32 ff ff ff 4c 8b 75 98 49 83 c6
0x00007f6288c6a135:   08 4c 39 75 a8 0f 87 f8 fe ff ff 4c 8b 7d b8 4c
0x00007f6288c6a145:   8b 65 b0 4c 89 e7 e8 e0 84 11 00 48 85 c0 74 16
0x00007f6288c6a155:   48 8b b8 98 00 00 00 31 c9 ba 01 00 00 00 4c 89
0x00007f6288c6a165:   fe e8 15 21 e7 ff 48 8d 05 de 1a b2 00 4c 89 e7
0x00007f6288c6a175:   48 63 18 e8 33 81 11 00 4c 01 e3 48 98 4c 8d 24
0x00007f6288c6a185:   83 4c 39 e3 73 37 0f 1f 44 00 00 49 8b 7f 18 48
0x00007f6288c6a195:   83 87 c0 00 00 00 01 8b 33 85 f6 74 17 48 8d 05
0x00007f6288c6a1a5:   f7 34 af 00 8b 48 08 48 d3 e6 48 03 30 74 05 e8
0x00007f6288c6a1b5:   87 eb ff ff 48 83 c3 04 49 39 dc 77 ce 48 83 c4
0x00007f6288c6a1c5:   48 5b 41 5c 41 5d 41 5e 41 5f 5d c3 0f 1f 80 00
0x00007f6288c6a1d5:   00 00 00 48 8d 05 6d 02 b2 00 0f b6 00 84 c0 0f
0x00007f6288c6a1e5:   84 66 02 00 00 48 8d 35 9f 34 af 00 8b 7b 08 8b
0x00007f6288c6a1f5:   4e 08 48 d3 e7 48 03 3e 8b 4f 08 85 c9 0f 8e 08
0x00007f6288c6a205:   02 00 00 f6 c1 01 74 1a 48 8b 07 48 8d 35 19 16
0x00007f6288c6a215:   e0 ff 48 8b 80 10 01 00 00 48 39 f0 0f 85 69 02
0x00007f6288c6a225:   00 00 c1 f9 03 48 63 c1 49 8b 96 f0 02 00 00 49
0x00007f6288c6a235:   89 d9 4a 8b 3c ea 48 8b 57 18 4c 2b 4a 10 48 8d
0x00007f6288c6a245:   15 ba 13 b2 00 8b 0a 49 d3 e9 44 89 ca 23 57 68 


Stack slot to memory mapping:
stack at sp + 0 slots: 0x00007f6265d66c50 points into unknown readable memory: 0x0000000800002a78 | 78 2a 00 00 08 00 00 00
stack at sp + 1 slots: 0x000000080035aba0 is pointing into metadata
stack at sp + 2 slots: 0x00000000ffe2af48 points into unknown readable memory: 0x400000080031b748 | 48 b7 31 00 08 00 00 40
stack at sp + 3 slots: 0x000000080035aba8 is pointing into metadata
stack at sp + 4 slots: 0x00000000ffe2aef8 points into unknown readable memory: 0x0000005b2133b101 | 01 b1 33 21 5b 00 00 00
stack at sp + 5 slots: 0x00007f6265d66d40 points into unknown readable memory: 0x00007f6289686fa8 | a8 6f 68 89 62 7f 00 00
stack at sp + 6 slots: 0x0000000800002a78 is pointing into metadata
stack at sp + 7 slots: 0x00007f6265d66d40 points into unknown readable memory: 0x00007f6289686fa8 | a8 6f 68 89 62 7f 00 00


---------------  P R O C E S S  ---------------

Threads class SMR info:
_java_thread_list=0x00007f6284112220, length=8, elements={
0x00007f6284016800, 0x00007f62840b6800, 0x00007f62840b8800, 0x00007f62840bf800,
0x00007f62840c1800, 0x00007f62840c3800, 0x00007f62840c5800, 0x00007f6284110800
}

Java Threads: ( => current thread )
  0x00007f6284016800 JavaThread "main" [_thread_in_Java, id=2980, stack(0x00007f62880d8000,0x00007f62881d9000)]
  0x00007f62840b6800 JavaThread "Reference Handler" daemon [_thread_blocked, id=2987, stack(0x00007f6264ddc000,0x00007f6264edd000)]
  0x00007f62840b8800 JavaThread "Finalizer" daemon [_thread_blocked, id=2988, stack(0x00007f6264cdb000,0x00007f6264ddc000)]
  0x00007f62840bf800 JavaThread "Signal Dispatcher" daemon [_thread_blocked, id=2989, stack(0x00007f6264669000,0x00007f626476a000)]
  0x00007f62840c1800 JavaThread "Service Thread" daemon [_thread_blocked, id=2990, stack(0x00007f6264568000,0x00007f6264669000)]
  0x00007f62840c3800 JavaThread "C1 CompilerThread0" daemon [_thread_blocked, id=2991, stack(0x00007f6264467000,0x00007f6264568000)]
  0x00007f62840c5800 JavaThread "Sweeper thread" daemon [_thread_blocked, id=2992, stack(0x00007f6264366000,0x00007f6264467000)]
  0x00007f6284110800 JavaThread "Common-Cleaner" daemon [_thread_blocked, id=2994, stack(0x00007f6264163000,0x00007f6264264000)]

Other Threads:
  0x00007f62840b4000 VMThread "VM Thread" [stack: 0x00007f6264edf000,0x00007f6264fdf000] [id=2986]
  0x00007f628410e000 WatcherThread [stack: 0x00007f6264266000,0x00007f6264366000] [id=2993]
  0x00007f628402e000 GCTaskThread "GC Thread#0" [stack: 0x00007f626c5a4000,0x00007f626c6a4000] [id=2981]
  0x00007f6250001000 GCTaskThread "GC Thread#1" [stack: 0x00007f6264019000,0x00007f6264119000] [id=2995]
  0x00007f6284049000 ConcurrentGCThread "G1 Main Marker" [stack: 0x00007f626c0b4000,0x00007f626c1b4000] [id=2982]
=>0x00007f628404b000 ConcurrentGCThread "G1 Conc#0" [stack: 0x00007f6265c68000,0x00007f6265d68000] [id=2983]
  0x00007f6284086000 ConcurrentGCThread "G1 Refine#0" [stack: 0x00007f6265964000,0x00007f6265a64000] [id=2984]
  0x00007f6254001000 ConcurrentGCThread "G1 Refine#1" [stack: 0x00007f625dcfd000,0x00007f625ddfd000] [id=2996]
  0x00007f6284088000 ConcurrentGCThread "G1 Young RemSet Sampling" [stack: 0x00007f6265862000,0x00007f6265962000] [id=2985]

Threads with active compile tasks:

VM state:not at safepoint (normal execution)

VM Mutex/Monitor currently owned by a thread:  ([mutex/lock_event])
[0x00007f6284012df0] SymbolTable_lock - owner thread: 0x00007f6284016800

Heap address: 0x00000000c2800000, size: 984 MB, Compressed Oops mode: 32-bit
Narrow klass base: 0x0000000800000000, Narrow klass shift: 3
Compressed class space size: 1073741824 Address: 0x0000000840000000

Heap:
 garbage-first heap   total 93184K, used 15277K [0x00000000c2800000, 0x0000000100000000)
  region size 1024K, 9 young (9216K), 4 survivors (4096K)
 Metaspace       used 19047K, capacity 21361K, committed 21628K, reserved 1069056K
  class space    used 2496K, capacity 2709K, committed 2816K, reserved 1048576K
Heap Regions: E=young(eden), S=young(survivor), O=old, HS=humongous(starts), HC=humongous(continues), CS=collection set, F=free, A=archive, TAMS=top-at-mark-start (previous, next)
|   0|0x00000000c2800000, 0x00000000c28ffff8, 0x00000000c2900000| 99%| O|  |TAMS 0x00000000c2800000, 0x00000000c28ffff8| Untracked 
|   1|0x00000000c2900000, 0x00000000c2a00000, 0x00000000c2a00000|100%| O|  |TAMS 0x00000000c2900000, 0x00000000c2a00000| Untracked 
|   2|0x00000000c2a00000, 0x00000000c2b00000, 0x00000000c2b00000|100%| O|  |TAMS 0x00000000c2a00000, 0x00000000c2b00000| Untracked 
|   3|0x00000000c2b00000, 0x00000000c2c00000, 0x00000000c2c00000|100%| O|  |TAMS 0x00000000c2b00000, 0x00000000c2c00000| Untracked 
|   4|0x00000000c2c00000, 0x00000000c2d00000, 0x00000000c2d00000|100%| O|  |TAMS 0x00000000c2c00000, 0x00000000c2d00000| Untracked 
|   5|0x00000000c2d00000, 0x00000000c2e00000, 0x00000000c2e00000|100%| O|  |TAMS 0x00000000c2d00000, 0x00000000c2e00000| Untracked 
|   6|0x00000000c2e00000, 0x00000000c2e39600, 0x00000000c2f00000| 22%| O|  |TAMS 0x00000000c2e00000, 0x00000000c2e39600| Untracked 
|   7|0x00000000c2f00000, 0x00000000c2f00000, 0x00000000c3000000|  0%| F|  |TAMS 0x00000000c2f00000, 0x00000000c2f00000| Untracked 
|   8|0x00000000c3000000, 0x00000000c3000000, 0x00000000c3100000|  0%| F|  |TAMS 0x00000000c3000000, 0x00000000c3000000| Untracked 
|   9|0x00000000c3100000, 0x00000000c3100000, 0x00000000c3200000|  0%| F|  |TAMS 0x00000000c3100000, 0x00000000c3100000| Untracked 
|  10|0x00000000c3200000, 0x00000000c3200000, 0x00000000c3300000|  0%| F|  |TAMS 0x00000000c3200000, 0x00000000c3200000| Untracked 
|  11|0x00000000c3300000, 0x00000000c3300000, 0x00000000c3400000|  0%| F|  |TAMS 0x00000000c3300000, 0x00000000c3300000| Untracked 
|  12|0x00000000c3400000, 0x00000000c3400000, 0x00000000c3500000|  0%| F|  |TAMS 0x00000000c3400000, 0x00000000c3400000| Untracked 
|  13|0x00000000c3500000, 0x00000000c3500000, 0x00000000c3600000|  0%| F|  |TAMS 0x00000000c3500000, 0x00000000c3500000| Untracked 
|  14|0x00000000c3600000, 0x00000000c3600000, 0x00000000c3700000|  0%| F|  |TAMS 0x00000000c3600000, 0x00000000c3600000| Untracked 
|  15|0x00000000c3700000, 0x00000000c3700000, 0x00000000c3800000|  0%| F|  |TAMS 0x00000000c3700000, 0x00000000c3700000| Untracked 
|  16|0x00000000c3800000, 0x00000000c3800000, 0x00000000c3900000|  0%| F|  |TAMS 0x00000000c3800000, 0x00000000c3800000| Untracked 
|  17|0x00000000c3900000, 0x00000000c3900000, 0x00000000c3a00000|  0%| F|  |TAMS 0x00000000c3900000, 0x00000000c3900000| Untracked 
|  18|0x00000000c3a00000, 0x00000000c3a00000, 0x00000000c3b00000|  0%| F|  |TAMS 0x00000000c3a00000, 0x00000000c3a00000| Untracked 
|  19|0x00000000c3b00000, 0x00000000c3b00000, 0x00000000c3c00000|  0%| F|  |TAMS 0x00000000c3b00000, 0x00000000c3b00000| Untracked 
|  20|0x00000000c3c00000, 0x00000000c3c00000, 0x00000000c3d00000|  0%| F|  |TAMS 0x00000000c3c00000, 0x00000000c3c00000| Untracked 
|  21|0x00000000c3d00000, 0x00000000c3d00000, 0x00000000c3e00000|  0%| F|  |TAMS 0x00000000c3d00000, 0x00000000c3d00000| Untracked 
|  22|0x00000000c3e00000, 0x00000000c3e00000, 0x00000000c3f00000|  0%| F|  |TAMS 0x00000000c3e00000, 0x00000000c3e00000| Untracked 
|  23|0x00000000c3f00000, 0x00000000c3f00000, 0x00000000c4000000|  0%| F|  |TAMS 0x00000000c3f00000, 0x00000000c3f00000| Untracked 
|  24|0x00000000c4000000, 0x00000000c4000000, 0x00000000c4100000|  0%| F|  |TAMS 0x00000000c4000000, 0x00000000c4000000| Untracked 
|  25|0x00000000c4100000, 0x00000000c4100000, 0x00000000c4200000|  0%| F|  |TAMS 0x00000000c4100000, 0x00000000c4100000| Untracked 
|  26|0x00000000c4200000, 0x00000000c4200000, 0x00000000c4300000|  0%| F|  |TAMS 0x00000000c4200000, 0x00000000c4200000| Untracked 
|  27|0x00000000c4300000, 0x00000000c4300000, 0x00000000c4400000|  0%| F|  |TAMS 0x00000000c4300000, 0x00000000c4300000| Untracked 
|  28|0x00000000c4400000, 0x00000000c4400000, 0x00000000c4500000|  0%| F|  |TAMS 0x00000000c4400000, 0x00000000c4400000| Untracked 
|  29|0x00000000c4500000, 0x00000000c4500000, 0x00000000c4600000|  0%| F|  |TAMS 0x00000000c4500000, 0x00000000c4500000| Untracked 
|  30|0x00000000c4600000, 0x00000000c4600000, 0x00000000c4700000|  0%| F|  |TAMS 0x00000000c4600000, 0x00000000c4600000| Untracked 
|  31|0x00000000c4700000, 0x00000000c4700000, 0x00000000c4800000|  0%| F|  |TAMS 0x00000000c4700000, 0x00000000c4700000| Untracked 
|  32|0x00000000c4800000, 0x00000000c4800000, 0x00000000c4900000|  0%| F|  |TAMS 0x00000000c4800000, 0x00000000c4800000| Untracked 
|  33|0x00000000c4900000, 0x00000000c4900000, 0x00000000c4a00000|  0%| F|  |TAMS 0x00000000c4900000, 0x00000000c4900000| Untracked 
|  34|0x00000000c4a00000, 0x00000000c4a00000, 0x00000000c4b00000|  0%| F|  |TAMS 0x00000000c4a00000, 0x00000000c4a00000| Untracked 
|  35|0x00000000c4b00000, 0x00000000c4b00000, 0x00000000c4c00000|  0%| F|  |TAMS 0x00000000c4b00000, 0x00000000c4b00000| Untracked 
|  36|0x00000000c4c00000, 0x00000000c4c00000, 0x00000000c4d00000|  0%| F|  |TAMS 0x00000000c4c00000, 0x00000000c4c00000| Untracked 
|  37|0x00000000c4d00000, 0x00000000c4d00000, 0x00000000c4e00000|  0%| F|  |TAMS 0x00000000c4d00000, 0x00000000c4d00000| Untracked 
|  38|0x00000000c4e00000, 0x00000000c4e00000, 0x00000000c4f00000|  0%| F|  |TAMS 0x00000000c4e00000, 0x00000000c4e00000| Untracked 
|  39|0x00000000c4f00000, 0x00000000c4f00000, 0x00000000c5000000|  0%| F|  |TAMS 0x00000000c4f00000, 0x00000000c4f00000| Untracked 
|  40|0x00000000c5000000, 0x00000000c5000000, 0x00000000c5100000|  0%| F|  |TAMS 0x00000000c5000000, 0x00000000c5000000| Untracked 
|  41|0x00000000c5100000, 0x00000000c5100000, 0x00000000c5200000|  0%| F|  |TAMS 0x00000000c5100000, 0x00000000c5100000| Untracked 
|  42|0x00000000c5200000, 0x00000000c5200000, 0x00000000c5300000|  0%| F|  |TAMS 0x00000000c5200000, 0x00000000c5200000| Untracked 
|  43|0x00000000c5300000, 0x00000000c5300000, 0x00000000c5400000|  0%| F|  |TAMS 0x00000000c5300000, 0x00000000c5300000| Untracked 
|  44|0x00000000c5400000, 0x00000000c5400000, 0x00000000c5500000|  0%| F|  |TAMS 0x00000000c5400000, 0x00000000c5400000| Untracked 
|  45|0x00000000c5500000, 0x00000000c5500000, 0x00000000c5600000|  0%| F|  |TAMS 0x00000000c5500000, 0x00000000c5500000| Untracked 
|  46|0x00000000c5600000, 0x00000000c5600000, 0x00000000c5700000|  0%| F|  |TAMS 0x00000000c5600000, 0x00000000c5600000| Untracked 
|  47|0x00000000c5700000, 0x00000000c5700000, 0x00000000c5800000|  0%| F|  |TAMS 0x00000000c5700000, 0x00000000c5700000| Untracked 
|  48|0x00000000c5800000, 0x00000000c5800000, 0x00000000c5900000|  0%| F|  |TAMS 0x00000000c5800000, 0x00000000c5800000| Untracked 
|  49|0x00000000c5900000, 0x00000000c5900000, 0x00000000c5a00000|  0%| F|  |TAMS 0x00000000c5900000, 0x00000000c5900000| Untracked 
|  50|0x00000000c5a00000, 0x00000000c5a00000, 0x00000000c5b00000|  0%| F|  |TAMS 0x00000000c5a00000, 0x00000000c5a00000| Untracked 
|  51|0x00000000c5b00000, 0x00000000c5b00000, 0x00000000c5c00000|  0%| F|  |TAMS 0x00000000c5b00000, 0x00000000c5b00000| Untracked 
|  52|0x00000000c5c00000, 0x00000000c5c00000, 0x00000000c5d00000|  0%| F|  |TAMS 0x00000000c5c00000, 0x00000000c5c00000| Untracked 
|  53|0x00000000c5d00000, 0x00000000c5d00000, 0x00000000c5e00000|  0%| F|  |TAMS 0x00000000c5d00000, 0x00000000c5d00000| Untracked 
|  54|0x00000000c5e00000, 0x00000000c5e00000, 0x00000000c5f00000|  0%| F|  |TAMS 0x00000000c5e00000, 0x00000000c5e00000| Untracked 
|  55|0x00000000c5f00000, 0x00000000c5f00000, 0x00000000c6000000|  0%| F|  |TAMS 0x00000000c5f00000, 0x00000000c5f00000| Untracked 
|  56|0x00000000c6000000, 0x00000000c6000000, 0x00000000c6100000|  0%| F|  |TAMS 0x00000000c6000000, 0x00000000c6000000| Untracked 
|  57|0x00000000c6100000, 0x00000000c6100000, 0x00000000c6200000|  0%| F|  |TAMS 0x00000000c6100000, 0x00000000c6100000| Untracked 
|  58|0x00000000c6200000, 0x00000000c6200000, 0x00000000c6300000|  0%| F|  |TAMS 0x00000000c6200000, 0x00000000c6200000| Untracked 
|  59|0x00000000c6300000, 0x00000000c6300000, 0x00000000c6400000|  0%| F|  |TAMS 0x00000000c6300000, 0x00000000c6300000| Untracked 
|  60|0x00000000c6400000, 0x00000000c6400000, 0x00000000c6500000|  0%| F|  |TAMS 0x00000000c6400000, 0x00000000c6400000| Untracked 
|  61|0x00000000c6500000, 0x00000000c6500000, 0x00000000c6600000|  0%| F|  |TAMS 0x00000000c6500000, 0x00000000c6500000| Untracked 
|  62|0x00000000c6600000, 0x00000000c6600000, 0x00000000c6700000|  0%| F|  |TAMS 0x00000000c6600000, 0x00000000c6600000| Untracked 
|  63|0x00000000c6700000, 0x00000000c6700000, 0x00000000c6800000|  0%| F|  |TAMS 0x00000000c6700000, 0x00000000c6700000| Untracked 
|  64|0x00000000c6800000, 0x00000000c6800000, 0x00000000c6900000|  0%| F|  |TAMS 0x00000000c6800000, 0x00000000c6800000| Untracked 
|  65|0x00000000c6900000, 0x00000000c6900000, 0x00000000c6a00000|  0%| F|  |TAMS 0x00000000c6900000, 0x00000000c6900000| Untracked 
|  66|0x00000000c6a00000, 0x00000000c6a00000, 0x00000000c6b00000|  0%| F|  |TAMS 0x00000000c6a00000, 0x00000000c6a00000| Untracked 
|  67|0x00000000c6b00000, 0x00000000c6c00000, 0x00000000c6c00000|100%| S|CS|TAMS 0x00000000c6b00000, 0x00000000c6b00000| Complete 
|  68|0x00000000c6c00000, 0x00000000c6d00000, 0x00000000c6d00000|100%| S|CS|TAMS 0x00000000c6c00000, 0x00000000c6c00000| Complete 
|  69|0x00000000c6d00000, 0x00000000c6e00000, 0x00000000c6e00000|100%| S|CS|TAMS 0x00000000c6d00000, 0x00000000c6d00000| Complete 
|  70|0x00000000c6e00000, 0x00000000c6f00000, 0x00000000c6f00000|100%| S|CS|TAMS 0x00000000c6e00000, 0x00000000c6e00000| Complete 
|  71|0x00000000c6f00000, 0x00000000c6f00000, 0x00000000c7000000|  0%| F|  |TAMS 0x00000000c6f00000, 0x00000000c6f00000| Untracked 
|  72|0x00000000c7000000, 0x00000000c7000000, 0x00000000c7100000|  0%| F|  |TAMS 0x00000000c7000000, 0x00000000c7000000| Untracked 
|  73|0x00000000c7100000, 0x00000000c7100000, 0x00000000c7200000|  0%| F|  |TAMS 0x00000000c7100000, 0x00000000c7100000| Untracked 
|  74|0x00000000c7200000, 0x00000000c7200000, 0x00000000c7300000|  0%| F|  |TAMS 0x00000000c7200000, 0x00000000c7200000| Untracked 
|  75|0x00000000c7300000, 0x00000000c7300000, 0x00000000c7400000|  0%| F|  |TAMS 0x00000000c7300000, 0x00000000c7300000| Untracked 
|  76|0x00000000c7400000, 0x00000000c7400000, 0x00000000c7500000|  0%| F|  |TAMS 0x00000000c7400000, 0x00000000c7400000| Untracked 
|  77|0x00000000c7500000, 0x00000000c7500000, 0x00000000c7600000|  0%| F|  |TAMS 0x00000000c7500000, 0x00000000c7500000| Untracked 
|  78|0x00000000c7600000, 0x00000000c7600000, 0x00000000c7700000|  0%| F|  |TAMS 0x00000000c7600000, 0x00000000c7600000| Untracked 
|  79|0x00000000c7700000, 0x00000000c7700000, 0x00000000c7800000|  0%| F|  |TAMS 0x00000000c7700000, 0x00000000c7700000| Untracked 
|  80|0x00000000c7800000, 0x00000000c7800000, 0x00000000c7900000|  0%| F|  |TAMS 0x00000000c7800000, 0x00000000c7800000| Untracked 
|  81|0x00000000c7900000, 0x00000000c7900000, 0x00000000c7a00000|  0%| F|  |TAMS 0x00000000c7900000, 0x00000000c7900000| Untracked 
|  82|0x00000000c7a00000, 0x00000000c7a00000, 0x00000000c7b00000|  0%| F|  |TAMS 0x00000000c7a00000, 0x00000000c7a00000| Untracked 
|  83|0x00000000c7b00000, 0x00000000c7b00000, 0x00000000c7c00000|  0%| F|  |TAMS 0x00000000c7b00000, 0x00000000c7b00000| Untracked 
|  84|0x00000000c7c00000, 0x00000000c7d00000, 0x00000000c7d00000|100%| E|  |TAMS 0x00000000c7c00000, 0x00000000c7c00000| Complete 
|  85|0x00000000c7d00000, 0x00000000c7e00000, 0x00000000c7e00000|100%| E|CS|TAMS 0x00000000c7d00000, 0x00000000c7d00000| Complete 
|  86|0x00000000c7e00000, 0x00000000c7f00000, 0x00000000c7f00000|100%| E|CS|TAMS 0x00000000c7e00000, 0x00000000c7e00000| Complete 
|  87|0x00000000c7f00000, 0x00000000c8000000, 0x00000000c8000000|100%| E|CS|TAMS 0x00000000c7f00000, 0x00000000c7f00000| Complete 
|  88|0x00000000c8000000, 0x00000000c8100000, 0x00000000c8100000|100%| E|CS|TAMS 0x00000000c8000000, 0x00000000c8000000| Complete 
| 982|0x00000000ffe00000, 0x00000000ffe47000, 0x00000000fff00000| 27%|OA|  |TAMS 0x00000000ffe00000, 0x00000000ffe47000| Untracked 
| 983|0x00000000fff00000, 0x00000000fff6b000, 0x0000000100000000| 41%|CA|  |TAMS 0x00000000fff00000, 0x00000000fff6b000| Untracked 

Card table byte_map: [0x00007f6267e14000,0x00007f6268000000] _byte_map_base: 0x00007f6267800000

Marking Bits (Prev, Next): (CMBitMap*) 0x00007f6284044278, (CMBitMap*) 0x00007f62840442b0
 Prev Bits: [0x00007f6266cc8000, 0x00007f6267c28000)
 Next Bits: [0x00007f6265d68000, 0x00007f6266cc8000)

Polling page: 0x00007f6289a08000

Metaspace:

Usage:
  Non-class:     18,21 MB capacity,    16,18 MB ( 89%) used,     2,00 MB ( 11%) free+waste,    32,88 KB ( <1%) overhead. 
      Class:      2,65 MB capacity,     2,44 MB ( 92%) used,   192,56 KB (  7%) free+waste,    15,75 KB ( <1%) overhead. 
       Both:     20,86 MB capacity,    18,62 MB ( 89%) used,     2,19 MB ( 10%) free+waste,    48,62 KB ( <1%) overhead. 

Virtual space:
  Non-class space:       20,00 MB reserved,      18,37 MB ( 92%) committed 
      Class space:        1,00 GB reserved,       2,75 MB ( <1%) committed 
             Both:        1,02 GB reserved,      21,12 MB (  2%) committed 

Chunk freelists:
   Non-Class:  120,00 KB
       Class:  11,00 KB
        Both:  131,00 KB

MaxMetaspaceSize: unlimited
CompressedClassSpaceSize: 1,00 GB

CodeHeap 'non-profiled nmethods': size=239512Kb used=5257Kb max_used=5257Kb free=234254Kb
 bounds [0x00007f626ce92000, 0x00007f626d3c2000, 0x00007f627b878000]
CodeHeap 'non-nmethods': size=6248Kb used=1097Kb max_used=1097Kb free=5151Kb
 bounds [0x00007f626c878000, 0x00007f626cae8000, 0x00007f626ce92000]
 total_blobs=3781 nmethods=3359 adapters=350
 compilation: enabled
              stopped_count=0, restarted_count=0
 full_count=0

Compilation events (20 events):
Event: 8,424 Thread 0x00007f62840c3800 3307       1       jdk.internal.jimage.ImageLocation::getBase (6 bytes)
Event: 8,424 Thread 0x00007f62840c3800 nmethod 3307 0x00007f626d39b510 code [0x00007f626d39b6c0, 0x00007f626d39b7c0]
Event: 8,424 Thread 0x00007f62840c3800 3305       1       jdk.internal.misc.Unsafe::checkOffset (32 bytes)
Event: 8,424 Thread 0x00007f62840c3800 nmethod 3305 0x00007f626d39b890 code [0x00007f626d39ba40, 0x00007f626d39bbe0]
Event: 8,424 Thread 0x00007f62840c3800 3308       1       jdk.internal.jimage.ImageReader$Node::getFileAttributes (5 bytes)
Event: 8,424 Thread 0x00007f62840c3800 nmethod 3308 0x00007f626d39bc90 code [0x00007f626d39be40, 0x00007f626d39bf10]
Event: 8,424 Thread 0x00007f62840c3800 3304       1       jdk.internal.misc.Unsafe::copyMemoryChecks (21 bytes)
Event: 8,425 Thread 0x00007f62840c3800 nmethod 3304 0x00007f626d39bf90 code [0x00007f626d39c1c0, 0x00007f626d39c740]
Event: 8,425 Thread 0x00007f62840c3800 3309       1       jdk.internal.jimage.ImageReader$Node::isCompleted (5 bytes)
Event: 8,426 Thread 0x00007f62840c3800 nmethod 3309 0x00007f626d39ca90 code [0x00007f626d39cc40, 0x00007f626d39cd10]
Event: 8,426 Thread 0x00007f62840c3800 3310       1       java.lang.Integer::compare (20 bytes)
Event: 8,426 Thread 0x00007f62840c3800 nmethod 3310 0x00007f626d39cd90 code [0x00007f626d39cf40, 0x00007f626d39cff0]
Event: 8,426 Thread 0x00007f62840c3800 3311  s    1       jdk.internal.jimage.ImageReader$SharedImageReader::buildRootDirectory (71 bytes)
Event: 8,427 Thread 0x00007f62840c3800 nmethod 3311 0x00007f626d39d090 code [0x00007f626d39d340, 0x00007f626d39e010]
Event: 8,428 Thread 0x00007f62840c3800 3313       1       jdk.internal.jimage.ImageBufferCache$2::compare (13 bytes)
Event: 8,428 Thread 0x00007f62840c3800 nmethod 3313 0x00007f626d39e510 code [0x00007f626d39e6c0, 0x00007f626d39e890]
Event: 8,428 Thread 0x00007f62840c3800 3314       1       jdk.internal.jimage.ImageBufferCache$2::compare (28 bytes)
Event: 8,428 Thread 0x00007f62840c3800 nmethod 3314 0x00007f626d39e990 code [0x00007f626d39eb40, 0x00007f626d39ec70]
Event: 8,428 Thread 0x00007f62840c3800 3312  s    1       jdk.internal.jimage.ImageReader$SharedImageReader::findNode (36 bytes)
Event: 8,428 Thread 0x00007f62840c3800 nmethod 3312 0x00007f626d39ed10 code [0x00007f626d39ef00, 0x00007f626d39f270]

GC Heap History (14 events):
Event: 0,712 GC heap before
{Heap before GC invocations=0 (full 0):
 garbage-first heap   total 65536K, used 6856K [0x00000000c2800000, 0x0000000100000000)
  region size 1024K, 7 young (7168K), 0 survivors (0K)
 Metaspace       used 1969K, capacity 5662K, committed 5760K, reserved 1056768K
  class space    used 213K, capacity 548K, committed 640K, reserved 1048576K
}
Event: 0,731 GC heap after
{Heap after GC invocations=1 (full 0):
 garbage-first heap   total 65536K, used 2934K [0x00000000c2800000, 0x0000000100000000)
  region size 1024K, 1 young (1024K), 1 survivors (1024K)
 Metaspace       used 1969K, capacity 5662K, committed 5760K, reserved 1056768K
  class space    used 213K, capacity 548K, committed 640K, reserved 1048576K
}
Event: 1,003 GC heap before
{Heap before GC invocations=1 (full 0):
 garbage-first heap   total 65536K, used 6006K [0x00000000c2800000, 0x0000000100000000)
  region size 1024K, 4 young (4096K), 1 survivors (1024K)
 Metaspace       used 2592K, capacity 6161K, committed 6272K, reserved 1056768K
  class space    used 314K, capacity 632K, committed 640K, reserved 1048576K
}
Event: 1,023 GC heap after
{Heap after GC invocations=2 (full 0):
 garbage-first heap   total 65536K, used 3304K [0x00000000c2800000, 0x0000000100000000)
  region size 1024K, 1 young (1024K), 1 survivors (1024K)
 Metaspace       used 2592K, capacity 6161K, committed 6272K, reserved 1056768K
  class space    used 314K, capacity 632K, committed 640K, reserved 1048576K
}
Event: 1,854 GC heap before
{Heap before GC invocations=2 (full 0):
 garbage-first heap   total 65536K, used 14568K [0x00000000c2800000, 0x0000000100000000)
  region size 1024K, 12 young (12288K), 1 survivors (1024K)
 Metaspace       used 4573K, capacity 7709K, committed 7808K, reserved 1056768K
  class space    used 616K, capacity 892K, committed 896K, reserved 1048576K
}
Event: 1,859 GC heap after
{Heap after GC invocations=3 (full 0):
 garbage-first heap   total 65536K, used 3781K [0x00000000c2800000, 0x0000000100000000)
  region size 1024K, 1 young (1024K), 1 survivors (1024K)
 Metaspace       used 4573K, capacity 7709K, committed 7808K, reserved 1056768K
  class space    used 616K, capacity 892K, committed 896K, reserved 1048576K
}
Event: 3,177 GC heap before
{Heap before GC invocations=3 (full 0):
 garbage-first heap   total 65536K, used 29381K [0x00000000c2800000, 0x0000000100000000)
  region size 1024K, 27 young (27648K), 1 survivors (1024K)
 Metaspace       used 7839K, capacity 10887K, committed 11136K, reserved 1058816K
  class space    used 1076K, capacity 1352K, committed 1408K, reserved 1048576K
}
Event: 3,184 GC heap after
{Heap after GC invocations=4 (full 0):
 garbage-first heap   total 65536K, used 4846K [0x00000000c2800000, 0x0000000100000000)
  region size 1024K, 2 young (2048K), 2 survivors (2048K)
 Metaspace       used 7839K, capacity 10887K, committed 11136K, reserved 1058816K
  class space    used 1076K, capacity 1352K, committed 1408K, reserved 1048576K
}
Event: 5,873 GC heap before
{Heap before GC invocations=4 (full 0):
 garbage-first heap   total 65536K, used 35566K [0x00000000c2800000, 0x0000000100000000)
  region size 1024K, 32 young (32768K), 2 survivors (2048K)
 Metaspace       used 11858K, capacity 14457K, committed 14720K, reserved 1062912K
  class space    used 1590K, capacity 1826K, committed 1920K, reserved 1048576K
}
Event: 5,917 GC heap after
{Heap after GC invocations=5 (full 0):
 garbage-first heap   total 65536K, used 7111K [0x00000000c2800000, 0x0000000100000000)
  region size 1024K, 4 young (4096K), 4 survivors (4096K)
 Metaspace       used 11858K, capacity 14457K, committed 14720K, reserved 1062912K
  class space    used 1590K, capacity 1826K, committed 1920K, reserved 1048576K
}
Event: 7,059 GC heap before
{Heap before GC invocations=5 (full 0):
 garbage-first heap   total 65536K, used 38855K [0x00000000c2800000, 0x0000000100000000)
  region size 1024K, 35 young (35840K), 4 survivors (4096K)
 Metaspace       used 12106K, capacity 14705K, committed 14976K, reserved 1062912K
  class space    used 1622K, capacity 1866K, committed 1920K, reserved 1048576K
}
Event: 7,101 GC heap after
{Heap after GC invocations=6 (full 0):
 garbage-first heap   total 93184K, used 9082K [0x00000000c2800000, 0x0000000100000000)
  region size 1024K, 5 young (5120K), 5 survivors (5120K)
 Metaspace       used 12106K, capacity 14705K, committed 14976K, reserved 1062912K
  class space    used 1622K, capacity 1866K, committed 1920K, reserved 1048576K
}
Event: 8,282 GC heap before
{Heap before GC invocations=6 (full 0):
 garbage-first heap   total 93184K, used 26490K [0x00000000c2800000, 0x0000000100000000)
  region size 1024K, 23 young (23552K), 5 survivors (5120K)
 Metaspace       used 18784K, capacity 21104K, committed 21296K, reserved 1069056K
  class space    used 2466K, capacity 2666K, committed 2688K, reserved 1048576K
}
Event: 8,332 GC heap after
{Heap after GC invocations=7 (full 0):
 garbage-first heap   total 93184K, used 11181K [0x00000000c2800000, 0x0000000100000000)
  region size 1024K, 4 young (4096K), 4 survivors (4096K)
 Metaspace       used 18784K, capacity 21104K, committed 21296K, reserved 1069056K
  class space    used 2466K, capacity 2666K, committed 2688K, reserved 1048576K
}

Deoptimization events (4 events):
Event: 3,381 Thread 0x00007f6284016800 DEOPT PACKING pc=0x00007f626d04e34c sp=0x00007f62881d65a0
Event: 3,382 Thread 0x00007f6284016800 DEOPT UNPACKING pc=0x00007f626c89d7ab sp=0x00007f62881d5b40 mode 0
Event: 5,736 Thread 0x00007f6284016800 DEOPT PACKING pc=0x00007f626cf464d4 sp=0x00007f62881d30d0
Event: 5,736 Thread 0x00007f6284016800 DEOPT UNPACKING pc=0x00007f626c89d7ab sp=0x00007f62881d24f0 mode 0

Classes redefined (0 events):
No events

Internal exceptions (8 events):
Event: 0,303 Thread 0x00007f6284016800 Exception <a 'java/lang/NoSuchMethodError'{0x00000000c6346bb0}: 'int java.lang.invoke.DirectMethodHandle$Holder.invokeSpecialIFC(java.lang.Object, java.lang.Object, int)'> (0x00000000c6346bb0) thrown at [src/hotspot/share/interpreter/linkResolver.cpp, line 772]
Event: 3,784 Thread 0x00007f6284016800 Exception <a 'java/lang/NoClassDefFoundError'{0x00000000c5d0df80}: com/google/inject/servlet/ServletModuleTargetVisitor> (0x00000000c5d0df80) thrown at [src/hotspot/share/classfile/systemDictionary.cpp, line 220]
Event: 3,784 Thread 0x00007f6284016800 Exception <a 'java/lang/NoClassDefFoundError'{0x00000000c5d0df80}> (0x00000000c5d0df80) thrown at [src/hotspot/share/prims/jvm.cpp, line 1310]
Event: 3,786 Thread 0x00007f6284016800 Exception <a 'java/lang/NoClassDefFoundError'{0x00000000c5d10d18}: javax/annotation/Priority> (0x00000000c5d10d18) thrown at [src/hotspot/share/classfile/systemDictionary.cpp, line 220]
Event: 7,815 Thread 0x00007f6284016800 Exception <a 'java/lang/NoSuchMethodError'{0x00000000c72fab58}: 'int java.lang.invoke.DirectMethodHandle$Holder.invokeVirtual(java.lang.Object, java.lang.Object, java.lang.Object)'> (0x00000000c72fab58) thrown at [src/hotspot/share/interpreter/linkResolver.cpp, line 772]
Event: 8,000 Thread 0x00007f6284016800 Exception <a 'java/lang/NoSuchMethodError'{0x00000000c700e6f0}: 'int java.lang.invoke.DirectMethodHandle$Holder.invokeStaticInit(java.lang.Object, java.lang.Object)'> (0x00000000c700e6f0) thrown at [src/hotspot/share/interpreter/linkResolver.cpp, line 772]
Event: 8,121 Thread 0x00007f6284016800 Exception <a 'java/lang/NoSuchMethodError'{0x00000000c70d9c58}: 'int java.lang.invoke.DirectMethodHandle$Holder.invokeVirtual(java.lang.Object, java.lang.Object)'> (0x00000000c70d9c58) thrown at [src/hotspot/share/interpreter/linkResolver.cpp, line 772]
Event: 8,132 Thread 0x00007f6284016800 Exception <a 'java/lang/NoSuchMethodError'{0x00000000c6f08ce8}: 'java.lang.Object java.lang.invoke.Invokers$Holder.linkToTargetMethod(java.lang.Object, java.lang.Object, java.lang.Object, java.lang.Object, java.lang.Object, java.lang.Object)'> (0x00000000c6f08ce8) thrown at [src/hotspot/share/interpreter/linkResolver.cpp, line 772]

Events (20 events):
Event: 8,376 loading class com/sun/tools/javac/tree/JCTree
Event: 8,376 loading class com/sun/tools/javac/tree/JCTree done
Event: 8,376 loading class com/sun/tools/javac/tree/JCTree
Event: 8,376 loading class com/sun/tools/javac/tree/JCTree done
Event: 8,378 loading class java/util/BitSet
Event: 8,378 loading class java/util/BitSet done
Event: 8,397 loading class com/sun/tools/javac/comp/Modules
Event: 8,397 loading class com/sun/tools/javac/comp/Modules done
Event: 8,398 loading class com/sun/tools/javac/code/Symbol$PackageSymbol
Event: 8,398 loading class com/sun/tools/javac/code/Symbol$PackageSymbol done
Event: 8,398 loading class java/util/RegularEnumSet$EnumSetIterator
Event: 8,398 loading class java/util/RegularEnumSet$EnumSetIterator done
Event: 8,399 loading class jdk/internal/jimage/ImageReader$SharedImageReader$LocationVisitor
Event: 8,399 loading class jdk/internal/jimage/ImageReader$SharedImageReader$LocationVisitor done
Event: 8,407 loading class java/nio/ByteBufferAsIntBufferL
Event: 8,407 loading class java/nio/ByteBufferAsIntBufferL done
Event: 8,409 loading class jdk/internal/jimage/ImageReader$Resource
Event: 8,409 loading class jdk/internal/jimage/ImageReader$Resource done
Event: 8,409 loading class jdk/internal/jimage/ImageReader$LinkNode
Event: 8,409 loading class jdk/internal/jimage/ImageReader$LinkNode done


Dynamic libraries:
c2800000-c8100000 rw-p 00000000 00:00 0 
c8100000-ffe00000 ---p 00000000 00:00 0 
ffe00000-ffe47000 rw-p 01111000 08:01 2505943                            /usr/lib/jvm/java-11-openjdk-amd64/lib/server/classes.jsa
ffe47000-fff00000 rw-p 00000000 00:00 0 
fff00000-fff6b000 rw-p 010a6000 08:01 2505943                            /usr/lib/jvm/java-11-openjdk-amd64/lib/server/classes.jsa
fff6b000-100000000 rw-p 00000000 00:00 0 
800000000-800002000 rwxp 00001000 08:01 2505943                          /usr/lib/jvm/java-11-openjdk-amd64/lib/server/classes.jsa
800002000-8003b9000 rw-p 00003000 08:01 2505943                          /usr/lib/jvm/java-11-openjdk-amd64/lib/server/classes.jsa
8003b9000-800a96000 r--p 003ba000 08:01 2505943                          /usr/lib/jvm/java-11-openjdk-amd64/lib/server/classes.jsa
800a96000-800a97000 rw-p 00a97000 08:01 2505943                          /usr/lib/jvm/java-11-openjdk-amd64/lib/server/classes.jsa
800a97000-8010a5000 r--p 00a98000 08:01 2505943                          /usr/lib/jvm/java-11-openjdk-amd64/lib/server/classes.jsa
840000000-8402c0000 rw-p 00000000 00:00 0 
8402c0000-880000000 ---p 00000000 00:00 0 
564570c7f000-564570c80000 r--p 00000000 08:01 2493057                    /usr/lib/jvm/java-11-openjdk-amd64/bin/java
564570c80000-564570c81000 r-xp 00001000 08:01 2493057                    /usr/lib/jvm/java-11-openjdk-amd64/bin/java
564570c81000-564570c82000 r--p 00002000 08:01 2493057                    /usr/lib/jvm/java-11-openjdk-amd64/bin/java
564570c82000-564570c83000 r--p 00002000 08:01 2493057                    /usr/lib/jvm/java-11-openjdk-amd64/bin/java
564570c83000-564570c84000 rw-p 00003000 08:01 2493057                    /usr/lib/jvm/java-11-openjdk-amd64/bin/java
5645717af000-5645717d0000 rw-p 00000000 00:00 0                          [heap]
7f622c000000-7f622c021000 rw-p 00000000 00:00 0 
7f622c021000-7f6230000000 ---p 00000000 00:00 0 
7f6230000000-7f6230021000 rw-p 00000000 00:00 0 
7f6230021000-7f6234000000 ---p 00000000 00:00 0 
7f6234000000-7f6234387000 rw-p 00000000 00:00 0 
7f6234387000-7f6238000000 ---p 00000000 00:00 0 
7f6238000000-7f6238021000 rw-p 00000000 00:00 0 
7f6238021000-7f623c000000 ---p 00000000 00:00 0 
7f623c000000-7f623c021000 rw-p 00000000 00:00 0 
7f623c021000-7f6240000000 ---p 00000000 00:00 0 
7f6240000000-7f6240021000 rw-p 00000000 00:00 0 
7f6240021000-7f6244000000 ---p 00000000 00:00 0 
7f6244000000-7f6244021000 rw-p 00000000 00:00 0 
7f6244021000-7f6248000000 ---p 00000000 00:00 0 
7f6248000000-7f6248021000 rw-p 00000000 00:00 0 
7f6248021000-7f624c000000 ---p 00000000 00:00 0 
7f624c000000-7f624c021000 rw-p 00000000 00:00 0 
7f624c021000-7f6250000000 ---p 00000000 00:00 0 
7f6250000000-7f6250021000 rw-p 00000000 00:00 0 
7f6250021000-7f6254000000 ---p 00000000 00:00 0 
7f6254000000-7f6254021000 rw-p 00000000 00:00 0 
7f6254021000-7f6258000000 ---p 00000000 00:00 0 
7f6258000000-7f6258021000 rw-p 00000000 00:00 0 
7f6258021000-7f625c000000 ---p 00000000 00:00 0 
7f625d0fb000-7f625d15a000 rw-p 00000000 00:00 0 
7f625d15a000-7f625d2fb000 ---p 00000000 00:00 0 
7f625d2fb000-7f625d4fb000 rw-p 00000000 00:00 0 
7f625d4fb000-7f625d6fb000 rw-p 00000000 00:00 0 
7f625d6fb000-7f625d8fb000 rw-p 00000000 00:00 0 
7f625d8fb000-7f625dafb000 rw-p 00000000 00:00 0 
7f625dafb000-7f625dcfb000 rw-p 00000000 00:00 0 
7f625dcfb000-7f625dcfc000 ---p 00000000 00:00 0 
7f625dcfc000-7f625ddfd000 rw-p 00000000 00:00 0 
7f625ddfd000-7f625de00000 r-xp 00000000 08:01 2367084                    /home/danil/.config/tmc/apache-maven-3.5.4/lib/jansi-native/linux64/libjansi.so
7f625de00000-7f625dfff000 ---p 00003000 08:01 2367084                    /home/danil/.config/tmc/apache-maven-3.5.4/lib/jansi-native/linux64/libjansi.so
7f625dfff000-7f625e000000 rw-p 00002000 08:01 2367084                    /home/danil/.config/tmc/apache-maven-3.5.4/lib/jansi-native/linux64/libjansi.so
7f625e000000-7f6260000000 rw-p 00000000 00:00 0 
7f6260000000-7f6260021000 rw-p 00000000 00:00 0 
7f6260021000-7f6264000000 ---p 00000000 00:00 0 
7f6264017000-7f6264018000 ---p 00000000 00:00 0 
7f6264018000-7f626414a000 rw-p 00000000 00:00 0 
7f626414a000-7f626414e000 r--p 00000000 08:01 2493207                    /usr/lib/jvm/java-11-openjdk-amd64/lib/libnet.so
7f626414e000-7f626415d000 r-xp 00004000 08:01 2493207                    /usr/lib/jvm/java-11-openjdk-amd64/lib/libnet.so
7f626415d000-7f6264161000 r--p 00013000 08:01 2493207                    /usr/lib/jvm/java-11-openjdk-amd64/lib/libnet.so
7f6264161000-7f6264162000 r--p 00016000 08:01 2493207                    /usr/lib/jvm/java-11-openjdk-amd64/lib/libnet.so
7f6264162000-7f6264163000 rw-p 00017000 08:01 2493207                    /usr/lib/jvm/java-11-openjdk-amd64/lib/libnet.so
7f6264163000-7f6264167000 ---p 00000000 00:00 0 
7f6264167000-7f6264264000 rw-p 00000000 00:00 0 
7f6264264000-7f6264265000 ---p 00000000 00:00 0 
7f6264265000-7f6264366000 rw-p 00000000 00:00 0 
7f6264366000-7f626436a000 ---p 00000000 00:00 0 
7f626436a000-7f6264467000 rw-p 00000000 00:00 0 
7f6264467000-7f626446b000 ---p 00000000 00:00 0 
7f626446b000-7f6264568000 rw-p 00000000 00:00 0 
7f6264568000-7f626456c000 ---p 00000000 00:00 0 
7f626456c000-7f6264669000 rw-p 00000000 00:00 0 
7f6264669000-7f626466d000 ---p 00000000 00:00 0 
7f626466d000-7f626476a000 rw-p 00000000 00:00 0 
7f626476a000-7f6264cdb000 r--p 00000000 08:01 2497626                    /usr/lib/locale/locale-archive
7f6264cdb000-7f6264cdf000 ---p 00000000 00:00 0 
7f6264cdf000-7f6264ddc000 rw-p 00000000 00:00 0 
7f6264ddc000-7f6264de0000 ---p 00000000 00:00 0 
7f6264de0000-7f6264edd000 rw-p 00000000 00:00 0 
7f6264edd000-7f6264ede000 ---p 00000000 00:00 0 
7f6264ede000-7f6265860000 rw-p 00000000 00:00 0 
7f6265860000-7f6265861000 ---p 00000000 00:00 0 
7f6265861000-7f6265962000 rw-p 00000000 00:00 0 
7f6265962000-7f6265963000 ---p 00000000 00:00 0 
7f6265963000-7f6265c66000 rw-p 00000000 00:00 0 
7f6265c66000-7f6265c67000 ---p 00000000 00:00 0 
7f6265c67000-7f6265ecc000 rw-p 00000000 00:00 0 
7f6265ecc000-7f6266cc0000 ---p 00000000 00:00 0 
7f6266cc0000-7f6266e2c000 rw-p 00000000 00:00 0 
7f6266e2c000-7f6267c20000 ---p 00000000 00:00 0 
7f6267c20000-7f6267c55000 rw-p 00000000 00:00 0 
7f6267c55000-7f6267e13000 ---p 00000000 00:00 0 
7f6267e13000-7f6267e41000 rw-p 00000000 00:00 0 
7f6267e41000-7f6267fff000 ---p 00000000 00:00 0 
7f6267fff000-7f6268000000 rw-p 00000000 00:00 0 
7f6268000000-7f6268021000 rw-p 00000000 00:00 0 
7f6268021000-7f626c000000 ---p 00000000 00:00 0 
7f626c00e000-7f626c0b2000 rw-p 00000000 00:00 0 
7f626c0b2000-7f626c0b3000 ---p 00000000 00:00 0 
7f626c0b3000-7f626c1e1000 rw-p 00000000 00:00 0 
7f626c1e1000-7f626c39f000 ---p 00000000 00:00 0 
7f626c39f000-7f626c5a2000 rw-p 00000000 00:00 0 
7f626c5a2000-7f626c5a3000 ---p 00000000 00:00 0 
7f626c5a3000-7f626c6af000 rw-p 00000000 00:00 0 
7f626c6af000-7f626c878000 ---p 00000000 00:00 0 
7f626c878000-7f626cae8000 rwxp 00000000 00:00 0 
7f626cae8000-7f626ce92000 ---p 00000000 00:00 0 
7f626ce92000-7f626d3c2000 rwxp 00000000 00:00 0 
7f626d3c2000-7f627b878000 ---p 00000000 00:00 0 
7f627b878000-7f6284000000 r--s 00000000 08:01 2493217                    /usr/lib/jvm/java-11-openjdk-amd64/lib/modules
7f6284000000-7f6284d3f000 rw-p 00000000 00:00 0 
7f6284d3f000-7f6288000000 ---p 00000000 00:00 0 
7f6288005000-7f6288006000 r--p 00000000 08:01 2499789                    /usr/lib/x86_64-linux-gnu/libutil-2.31.so
7f6288006000-7f6288007000 r-xp 00001000 08:01 2499789                    /usr/lib/x86_64-linux-gnu/libutil-2.31.so
7f6288007000-7f6288008000 r--p 00002000 08:01 2499789                    /usr/lib/x86_64-linux-gnu/libutil-2.31.so
7f6288008000-7f6288009000 r--p 00002000 08:01 2499789                    /usr/lib/x86_64-linux-gnu/libutil-2.31.so
7f6288009000-7f628800a000 rw-p 00003000 08:01 2499789                    /usr/lib/x86_64-linux-gnu/libutil-2.31.so
7f628800a000-7f6288011000 r--p 00000000 08:01 2493208                    /usr/lib/jvm/java-11-openjdk-amd64/lib/libnio.so
7f6288011000-7f6288019000 r-xp 00007000 08:01 2493208                    /usr/lib/jvm/java-11-openjdk-amd64/lib/libnio.so
7f6288019000-7f628801c000 r--p 0000f000 08:01 2493208                    /usr/lib/jvm/java-11-openjdk-amd64/lib/libnio.so
7f628801c000-7f628801d000 r--p 00011000 08:01 2493208                    /usr/lib/jvm/java-11-openjdk-amd64/lib/libnio.so
7f628801d000-7f628801e000 rw-p 00012000 08:01 2493208                    /usr/lib/jvm/java-11-openjdk-amd64/lib/libnio.so
7f628801e000-7f6288065000 rw-p 00000000 00:00 0 
7f6288065000-7f628806d000 ---p 00000000 00:00 0 
7f628806d000-7f6288070000 r--p 00000000 08:01 2499569                    /usr/lib/x86_64-linux-gnu/libnss_files-2.31.so
7f6288070000-7f6288077000 r-xp 00003000 08:01 2499569                    /usr/lib/x86_64-linux-gnu/libnss_files-2.31.so
7f6288077000-7f6288079000 r--p 0000a000 08:01 2499569                    /usr/lib/x86_64-linux-gnu/libnss_files-2.31.so
7f6288079000-7f628807a000 r--p 0000b000 08:01 2499569                    /usr/lib/x86_64-linux-gnu/libnss_files-2.31.so
7f628807a000-7f628807b000 rw-p 0000c000 08:01 2499569                    /usr/lib/x86_64-linux-gnu/libnss_files-2.31.so
7f628807b000-7f6288081000 rw-p 00000000 00:00 0 
7f6288082000-7f6288084000 r--s 0000c000 08:01 3015351                    /usr/share/java/java-atk-wrapper.jar
7f6288084000-7f6288086000 r--p 00000000 08:01 2493216                    /usr/lib/jvm/java-11-openjdk-amd64/lib/libzip.so
7f6288086000-7f628808a000 r-xp 00002000 08:01 2493216                    /usr/lib/jvm/java-11-openjdk-amd64/lib/libzip.so
7f628808a000-7f628808c000 r--p 00006000 08:01 2493216                    /usr/lib/jvm/java-11-openjdk-amd64/lib/libzip.so
7f628808c000-7f628808d000 r--p 00007000 08:01 2493216                    /usr/lib/jvm/java-11-openjdk-amd64/lib/libzip.so
7f628808d000-7f628808e000 rw-p 00008000 08:01 2493216                    /usr/lib/jvm/java-11-openjdk-amd64/lib/libzip.so
7f628808e000-7f6288096000 rw-s 00000000 08:01 1966133                    /tmp/hsperfdata_danil/2959
7f6288096000-7f6288098000 r--p 00000000 08:01 2493199                    /usr/lib/jvm/java-11-openjdk-amd64/lib/libjimage.so
7f6288098000-7f628809b000 r-xp 00002000 08:01 2493199                    /usr/lib/jvm/java-11-openjdk-amd64/lib/libjimage.so
7f628809b000-7f628809c000 r--p 00005000 08:01 2493199                    /usr/lib/jvm/java-11-openjdk-amd64/lib/libjimage.so
7f628809c000-7f628809d000 ---p 00006000 08:01 2493199                    /usr/lib/jvm/java-11-openjdk-amd64/lib/libjimage.so
7f628809d000-7f628809e000 r--p 00006000 08:01 2493199                    /usr/lib/jvm/java-11-openjdk-amd64/lib/libjimage.so
7f628809e000-7f628809f000 rw-p 00007000 08:01 2493199                    /usr/lib/jvm/java-11-openjdk-amd64/lib/libjimage.so
7f628809f000-7f62880ad000 r--p 00000000 08:01 2493196                    /usr/lib/jvm/java-11-openjdk-amd64/lib/libjava.so
7f62880ad000-7f62880c3000 r-xp 0000e000 08:01 2493196                    /usr/lib/jvm/java-11-openjdk-amd64/lib/libjava.so
7f62880c3000-7f62880ca000 r--p 00024000 08:01 2493196                    /usr/lib/jvm/java-11-openjdk-amd64/lib/libjava.so
7f62880ca000-7f62880cb000 r--p 0002a000 08:01 2493196                    /usr/lib/jvm/java-11-openjdk-amd64/lib/libjava.so
7f62880cb000-7f62880cc000 rw-p 0002b000 08:01 2493196                    /usr/lib/jvm/java-11-openjdk-amd64/lib/libjava.so
7f62880cc000-7f62880cd000 rw-p 00000000 00:00 0 
7f62880cd000-7f62880d0000 r--p 00000000 08:01 2499686                    /usr/lib/x86_64-linux-gnu/librt-2.31.so
7f62880d0000-7f62880d4000 r-xp 00003000 08:01 2499686                    /usr/lib/x86_64-linux-gnu/librt-2.31.so
7f62880d4000-7f62880d5000 r--p 00007000 08:01 2499686                    /usr/lib/x86_64-linux-gnu/librt-2.31.so
7f62880d5000-7f62880d6000 ---p 00008000 08:01 2499686                    /usr/lib/x86_64-linux-gnu/librt-2.31.so
7f62880d6000-7f62880d7000 r--p 00008000 08:01 2499686                    /usr/lib/x86_64-linux-gnu/librt-2.31.so
7f62880d7000-7f62880d8000 rw-p 00009000 08:01 2499686                    /usr/lib/x86_64-linux-gnu/librt-2.31.so
7f62880d8000-7f62880dc000 ---p 00000000 00:00 0 
7f62880dc000-7f62881d9000 rw-p 00000000 00:00 0 
7f62881d9000-7f62881dc000 r--p 00000000 08:01 2499325                    /usr/lib/x86_64-linux-gnu/libgcc_s.so.1
7f62881dc000-7f62881ee000 r-xp 00003000 08:01 2499325                    /usr/lib/x86_64-linux-gnu/libgcc_s.so.1
7f62881ee000-7f62881f2000 r--p 00015000 08:01 2499325                    /usr/lib/x86_64-linux-gnu/libgcc_s.so.1
7f62881f2000-7f62881f3000 r--p 00018000 08:01 2499325                    /usr/lib/x86_64-linux-gnu/libgcc_s.so.1
7f62881f3000-7f62881f4000 rw-p 00019000 08:01 2499325                    /usr/lib/x86_64-linux-gnu/libgcc_s.so.1
7f62881f4000-7f6288203000 r--p 00000000 08:01 2499495                    /usr/lib/x86_64-linux-gnu/libm-2.31.so
7f6288203000-7f62882aa000 r-xp 0000f000 08:01 2499495                    /usr/lib/x86_64-linux-gnu/libm-2.31.so
7f62882aa000-7f6288341000 r--p 000b6000 08:01 2499495                    /usr/lib/x86_64-linux-gnu/libm-2.31.so
7f6288341000-7f6288342000 r--p 0014c000 08:01 2499495                    /usr/lib/x86_64-linux-gnu/libm-2.31.so
7f6288342000-7f6288343000 rw-p 0014d000 08:01 2499495                    /usr/lib/x86_64-linux-gnu/libm-2.31.so
7f6288343000-7f62883d9000 r--p 00000000 08:01 2499742                    /usr/lib/x86_64-linux-gnu/libstdc++.so.6.0.28
7f62883d9000-7f62884ca000 r-xp 00096000 08:01 2499742                    /usr/lib/x86_64-linux-gnu/libstdc++.so.6.0.28
7f62884ca000-7f6288513000 r--p 00187000 08:01 2499742                    /usr/lib/x86_64-linux-gnu/libstdc++.so.6.0.28
7f6288513000-7f6288514000 ---p 001d0000 08:01 2499742                    /usr/lib/x86_64-linux-gnu/libstdc++.so.6.0.28
7f6288514000-7f628851f000 r--p 001d0000 08:01 2499742                    /usr/lib/x86_64-linux-gnu/libstdc++.so.6.0.28
7f628851f000-7f6288522000 rw-p 001db000 08:01 2499742                    /usr/lib/x86_64-linux-gnu/libstdc++.so.6.0.28
7f6288522000-7f6288525000 rw-p 00000000 00:00 0 
7f6288525000-7f628879f000 r--p 00000000 08:01 2493222                    /usr/lib/jvm/java-11-openjdk-amd64/lib/server/libjvm.so
7f628879f000-7f6289424000 r-xp 0027a000 08:01 2493222                    /usr/lib/jvm/java-11-openjdk-amd64/lib/server/libjvm.so
7f6289424000-7f628967b000 r--p 00eff000 08:01 2493222                    /usr/lib/jvm/java-11-openjdk-amd64/lib/server/libjvm.so
7f628967b000-7f628973c000 r--p 01155000 08:01 2493222                    /usr/lib/jvm/java-11-openjdk-amd64/lib/server/libjvm.so
7f628973c000-7f6289777000 rw-p 01216000 08:01 2493222                    /usr/lib/jvm/java-11-openjdk-amd64/lib/server/libjvm.so
7f6289777000-7f62897d0000 rw-p 00000000 00:00 0 
7f62897d0000-7f62897d7000 r--p 00000000 08:01 2499654                    /usr/lib/x86_64-linux-gnu/libpthread-2.31.so
7f62897d7000-7f62897e8000 r-xp 00007000 08:01 2499654                    /usr/lib/x86_64-linux-gnu/libpthread-2.31.so
7f62897e8000-7f62897ed000 r--p 00018000 08:01 2499654                    /usr/lib/x86_64-linux-gnu/libpthread-2.31.so
7f62897ed000-7f62897ee000 r--p 0001c000 08:01 2499654                    /usr/lib/x86_64-linux-gnu/libpthread-2.31.so
7f62897ee000-7f62897ef000 rw-p 0001d000 08:01 2499654                    /usr/lib/x86_64-linux-gnu/libpthread-2.31.so
7f62897ef000-7f62897f3000 rw-p 00000000 00:00 0 
7f62897f3000-7f62897f4000 r--p 00000000 08:01 2499240                    /usr/lib/x86_64-linux-gnu/libdl-2.31.so
7f62897f4000-7f62897f6000 r-xp 00001000 08:01 2499240                    /usr/lib/x86_64-linux-gnu/libdl-2.31.so
7f62897f6000-7f62897f7000 r--p 00003000 08:01 2499240                    /usr/lib/x86_64-linux-gnu/libdl-2.31.so
7f62897f7000-7f62897f8000 r--p 00003000 08:01 2499240                    /usr/lib/x86_64-linux-gnu/libdl-2.31.so
7f62897f8000-7f62897f9000 rw-p 00004000 08:01 2499240                    /usr/lib/x86_64-linux-gnu/libdl-2.31.so
7f62897f9000-7f62897fb000 r--p 00000000 08:01 2499879                    /usr/lib/x86_64-linux-gnu/libz.so.1.2.11
7f62897fb000-7f628980c000 r-xp 00002000 08:01 2499879                    /usr/lib/x86_64-linux-gnu/libz.so.1.2.11
7f628980c000-7f6289812000 r--p 00013000 08:01 2499879                    /usr/lib/x86_64-linux-gnu/libz.so.1.2.11
7f6289812000-7f6289813000 ---p 00019000 08:01 2499879                    /usr/lib/x86_64-linux-gnu/libz.so.1.2.11
7f6289813000-7f6289814000 r--p 00019000 08:01 2499879                    /usr/lib/x86_64-linux-gnu/libz.so.1.2.11
7f6289814000-7f6289815000 rw-p 0001a000 08:01 2499879                    /usr/lib/x86_64-linux-gnu/libz.so.1.2.11
7f6289815000-7f628983a000 r--p 00000000 08:01 2499178                    /usr/lib/x86_64-linux-gnu/libc-2.31.so
7f628983a000-7f62899b2000 r-xp 00025000 08:01 2499178                    /usr/lib/x86_64-linux-gnu/libc-2.31.so
7f62899b2000-7f62899fc000 r--p 0019d000 08:01 2499178                    /usr/lib/x86_64-linux-gnu/libc-2.31.so
7f62899fc000-7f62899fd000 ---p 001e7000 08:01 2499178                    /usr/lib/x86_64-linux-gnu/libc-2.31.so
7f62899fd000-7f6289a00000 r--p 001e7000 08:01 2499178                    /usr/lib/x86_64-linux-gnu/libc-2.31.so
7f6289a00000-7f6289a03000 rw-p 001ea000 08:01 2499178                    /usr/lib/x86_64-linux-gnu/libc-2.31.so
7f6289a03000-7f6289a07000 rw-p 00000000 00:00 0 
7f6289a08000-7f6289a09000 ---p 00000000 00:00 0 
7f6289a09000-7f6289a0a000 r--p 00000000 00:00 0 
7f6289a0a000-7f6289a0f000 r--p 00000000 08:01 2493215                    /usr/lib/jvm/java-11-openjdk-amd64/lib/libverify.so
7f6289a0f000-7f6289a16000 r-xp 00005000 08:01 2493215                    /usr/lib/jvm/java-11-openjdk-amd64/lib/libverify.so
7f6289a16000-7f6289a18000 r--p 0000c000 08:01 2493215                    /usr/lib/jvm/java-11-openjdk-amd64/lib/libverify.so
7f6289a18000-7f6289a19000 ---p 0000e000 08:01 2493215                    /usr/lib/jvm/java-11-openjdk-amd64/lib/libverify.so
7f6289a19000-7f6289a1b000 r--p 0000e000 08:01 2493215                    /usr/lib/jvm/java-11-openjdk-amd64/lib/libverify.so
7f6289a1b000-7f6289a1c000 rw-p 00010000 08:01 2493215                    /usr/lib/jvm/java-11-openjdk-amd64/lib/libverify.so
7f6289a1c000-7f6289a1f000 r--p 00000000 08:01 2493181                    /usr/lib/jvm/java-11-openjdk-amd64/lib/jli/libjli.so
7f6289a1f000-7f6289a29000 r-xp 00003000 08:01 2493181                    /usr/lib/jvm/java-11-openjdk-amd64/lib/jli/libjli.so
7f6289a29000-7f6289a2c000 r--p 0000d000 08:01 2493181                    /usr/lib/jvm/java-11-openjdk-amd64/lib/jli/libjli.so
7f6289a2c000-7f6289a2d000 ---p 00010000 08:01 2493181                    /usr/lib/jvm/java-11-openjdk-amd64/lib/jli/libjli.so
7f6289a2d000-7f6289a2e000 r--p 00010000 08:01 2493181                    /usr/lib/jvm/java-11-openjdk-amd64/lib/jli/libjli.so
7f6289a2e000-7f6289a2f000 rw-p 00011000 08:01 2493181                    /usr/lib/jvm/java-11-openjdk-amd64/lib/jli/libjli.so
7f6289a2f000-7f6289a31000 rw-p 00000000 00:00 0 
7f6289a31000-7f6289a32000 r--p 00000000 08:01 2498953                    /usr/lib/x86_64-linux-gnu/ld-2.31.so
7f6289a32000-7f6289a55000 r-xp 00001000 08:01 2498953                    /usr/lib/x86_64-linux-gnu/ld-2.31.so
7f6289a55000-7f6289a5d000 r--p 00024000 08:01 2498953                    /usr/lib/x86_64-linux-gnu/ld-2.31.so
7f6289a5e000-7f6289a5f000 r--p 0002c000 08:01 2498953                    /usr/lib/x86_64-linux-gnu/ld-2.31.so
7f6289a5f000-7f6289a60000 rw-p 0002d000 08:01 2498953                    /usr/lib/x86_64-linux-gnu/ld-2.31.so
7f6289a60000-7f6289a61000 rw-p 00000000 00:00 0 
7fffea90d000-7fffea92e000 rw-p 00000000 00:00 0                          [stack]
7fffea9d8000-7fffea9dc000 r--p 00000000 00:00 0                          [vvar]
7fffea9dc000-7fffea9de000 r-xp 00000000 00:00 0                          [vdso]
ffffffffff600000-ffffffffff601000 --xp 00000000 00:00 0                  [vsyscall]


VM Arguments:
jvm_args: -Dmaven.compiler.source=1.8 -Dmaven.compiler.target=1.8 -XX:+TieredCompilation -XX:TieredStopAtLevel=1 -Dclassworlds.conf=/home/danil/.config/tmc/apache-maven-3.5.4/bin/m2.conf -Dmaven.home=/home/danil/.config/tmc/apache-maven-3.5.4 -Dlibrary.jansi.path=/home/danil/.config/tmc/apache-maven-3.5.4/lib/jansi-native -Dmaven.multiModuleProjectDirectory=/home/danil/NetBeansProjects/mooc-java-programming-ii/part11-Part11_10.FlightControl 
java_command: org.codehaus.plexus.classworlds.launcher.Launcher -B clean compile test-compile
java_class_path (initial): /home/danil/.config/tmc/apache-maven-3.5.4/boot/plexus-classworlds-2.5.2.jar
Launcher Type: SUN_STANDARD

[Global flags]
     intx CICompilerCount                          = 2                                         {product} {ergonomic}
     uint ConcGCThreads                            = 1                                         {product} {ergonomic}
     uint G1ConcRefinementThreads                  = 2                                         {product} {ergonomic}
   size_t G1HeapRegionSize                         = 1048576                                   {product} {ergonomic}
    uintx GCDrainStackTargetSize                   = 64                                        {product} {ergonomic}
   size_t InitialHeapSize                          = 65011712                                  {product} {ergonomic}
   size_t MarkStackSize                            = 4194304                                   {product} {ergonomic}
   size_t MaxHeapSize                              = 1031798784                                {product} {ergonomic}
   size_t MaxNewSize                               = 618659840                                 {product} {ergonomic}
   size_t MinHeapDeltaBytes                        = 1048576                                   {product} {ergonomic}
    uintx NonNMethodCodeHeapSize                   = 6396312                                {pd product} {ergonomic}
    uintx NonProfiledCodeHeapSize                  = 245261928                              {pd product} {ergonomic}
    uintx ProfiledCodeHeapSize                     = 0                                      {pd product} {ergonomic}
    uintx ReservedCodeCacheSize                    = 251658240                              {pd product} {ergonomic}
     bool SegmentedCodeCache                       = true                                      {product} {ergonomic}
     bool TieredCompilation                        = true                                   {pd product} {command line}
     intx TieredStopAtLevel                        = 1                                         {product} {command line}
     bool UseCompressedClassPointers               = true                                 {lp64_product} {ergonomic}
     bool UseCompressedOops                        = true                                 {lp64_product} {ergonomic}
     bool UseG1GC                                  = true                                      {product} {ergonomic}

Logging:
Log output configuration:
 #0: stdout all=warning uptime,level,tags
 #1: stderr all=off uptime,level,tags

Environment Variables:
PATH=/usr/local/sbin:/usr/local/bin:/usr/sbin:/usr/bin:/sbin:/bin:/usr/games:/usr/local/games:/snap/bin
SHELL=/bin/bash
DISPLAY=:0
LANG=en_US.UTF-8

Signal Handlers:
SIGSEGV: [libjvm.so+0xe8ba00], sa_mask[0]=11111111011111111101111111111110, sa_flags=SA_RESTART|SA_SIGINFO
SIGBUS: [libjvm.so+0xe8ba00], sa_mask[0]=11111111011111111101111111111110, sa_flags=SA_RESTART|SA_SIGINFO
SIGFPE: [libjvm.so+0xe8ba00], sa_mask[0]=11111111011111111101111111111110, sa_flags=SA_RESTART|SA_SIGINFO
SIGPIPE: [libjvm.so+0xbd10f0], sa_mask[0]=11111111011111111101111111111110, sa_flags=SA_RESTART|SA_SIGINFO
SIGXFSZ: [libjvm.so+0xbd10f0], sa_mask[0]=11111111011111111101111111111110, sa_flags=SA_RESTART|SA_SIGINFO
SIGILL: [libjvm.so+0xe8ba00], sa_mask[0]=11111111011111111101111111111110, sa_flags=SA_RESTART|SA_SIGINFO
SIGUSR2: [libjvm.so+0xbd0f90], sa_mask[0]=00100000000000000000000000000000, sa_flags=SA_RESTART|SA_SIGINFO
SIGHUP: [libjvm.so+0xbd1430], sa_mask[0]=11111111011111111101111111111110, sa_flags=SA_RESTART|SA_SIGINFO
SIGINT: SIG_IGN, sa_mask[0]=00000000000000000000000000000000, sa_flags=none
SIGTERM: [libjvm.so+0xbd1430], sa_mask[0]=11111111011111111101111111111110, sa_flags=SA_RESTART|SA_SIGINFO
SIGQUIT: [libjvm.so+0xbd1430], sa_mask[0]=11111111011111111101111111111110, sa_flags=SA_RESTART|SA_SIGINFO


---------------  S Y S T E M  ---------------

OS:DISTRIB_ID=Ubuntu
DISTRIB_RELEASE=20.04
DISTRIB_CODENAME=focal
DISTRIB_DESCRIPTION="Ubuntu 20.04.3 LTS"
uname:Linux 5.11.0-38-generic #42~20.04.1-Ubuntu SMP Tue Sep 28 20:41:07 UTC 2021 x86_64
OS uptime: 0 days 1:27 hours
libc:glibc 2.31 NPTL 2.31 
rlimit (soft/hard): STACK 8192k/infinity , CORE 0k/infinity , NPROC 15346/15346 , NOFILE 1048576/1048576 , AS infinity/infinity , CPU infinity/infinity , DATA infinity/infinity , FSIZE infinity/infinity , MEMLOCK 65536k/65536k
load average:1,70 1,05 0,60

/proc/meminfo:
MemTotal:        4027200 kB
MemFree:          236640 kB
MemAvailable:    1832692 kB
Buffers:          125800 kB
Cached:          1646576 kB
SwapCached:            0 kB
Active:           571296 kB
Inactive:        2966636 kB
Active(anon):       2628 kB
Inactive(anon):  1786056 kB
Active(file):     568668 kB
Inactive(file):  1180580 kB
Unevictable:           0 kB
Mlocked:               0 kB
SwapTotal:             0 kB
SwapFree:              0 kB
Dirty:               380 kB
Writeback:             0 kB
AnonPages:       1765584 kB
Mapped:           478160 kB
Shmem:             23128 kB
KReclaimable:     101416 kB
Slab:             159780 kB
SReclaimable:     101416 kB
SUnreclaim:        58364 kB
KernelStack:        8704 kB
PageTables:        17564 kB
NFS_Unstable:          0 kB
Bounce:                0 kB
WritebackTmp:          0 kB
CommitLimit:     2013600 kB
Committed_AS:    3710656 kB
VmallocTotal:   34359738367 kB
VmallocUsed:       29236 kB
VmallocChunk:          0 kB
Percpu:             2800 kB
HardwareCorrupted:     0 kB
AnonHugePages:         0 kB
ShmemHugePages:        0 kB
ShmemPmdMapped:        0 kB
FileHugePages:         0 kB
FilePmdMapped:         0 kB
HugePages_Total:       0
HugePages_Free:        0
HugePages_Rsvd:        0
HugePages_Surp:        0
Hugepagesize:       2048 kB
Hugetlb:               0 kB
DirectMap4k:      210432 kB
DirectMap2M:     3983360 kB

/sys/kernel/mm/transparent_hugepage/enabled:
always [madvise] never
/sys/kernel/mm/transparent_hugepage/defrag (defrag/compaction efforts parameter):
always defer defer+madvise [madvise] never

Process Memory:
Virtual Size: 3590316K (peak: 12396540K)
Resident Set Size: 147812K (peak: 147812K) (anon: 114372K, file: 33440K, shmem: 0K)
Swapped out: 0K
C-Heap outstanding allocations: 17594K

/proc/sys/kernel/threads-max (system-wide limit on the number of threads):
30692
/proc/sys/vm/max_map_count (maximum number of memory map areas a process may have):
65530
/proc/sys/kernel/pid_max (system-wide limit on number of process identifiers):
4194304

container (cgroup) information:
container_type: cgroupv1
cpu_cpuset_cpus: 0-1
cpu_memory_nodes: 0
active_processor_count: 2
cpu_quota: -1
cpu_period: 100000
cpu_shares: -1
memory_limit_in_bytes: -1
memory_and_swap_limit_in_bytes: -1
memory_soft_limit_in_bytes: -1
memory_usage_in_bytes: 1461407744
memory_max_usage_in_bytes: 1461915648

Steal ticks since vm start: 0
Steal ticks percentage since vm start:  0,000

CPU:total 2 (initial active 2) (2 cores per cpu, 1 threads per core) family 6 model 15 stepping 11 microcode 0xba, cmov, cx8, fxsr, mmx, sse, sse2, sse3, ssse3, tsc
CPU Model and flags from /proc/cpuinfo:
model name	: Intel(R) Core(TM)2 Duo CPU     E6550  @ 2.33GHz
flags		: fpu vme de pse tsc msr pae mce cx8 apic sep mtrr pge mca cmov pat pse36 clflush dts acpi mmx fxsr sse sse2 ht tm pbe syscall nx lm constant_tsc arch_perfmon pebs bts rep_good nopl cpuid aperfmperf pni dtes64 monitor ds_cpl vmx smx est tm2 ssse3 cx16 xtpr pdcm lahf_lm pti tpr_shadow vnmi flexpriority vpid dtherm
Online cpus:
0-1
Offline cpus:
2-3
BIOS frequency limitation:
2331000
Frequency switch latency (ns):
10000
Available cpu frequencies:
2331000 1998000 
Current governor:
ondemand
Core performance/turbo boost:
<Not Available>

Memory: 4k page, physical 4027200k(236640k free), swap 0k(0k free)

vm_info: OpenJDK 64-Bit Server VM (11.0.11+9-Ubuntu-0ubuntu2.20.04) for linux-amd64 JRE (11.0.11+9-Ubuntu-0ubuntu2.20.04), built on Apr 21 2021 09:15:32 by "unknown" with gcc 9.3.0

END.
